  Generate moc_predefs.h
  Moc'ing calibdialog.h...
  Moc'ing loadcalibparamsdialog.h...
  Moc'ing mainwindow.h...
  Moc'ing selectcameraparamsdialog.h...
  Moc'ing vrfullscreenviewer.h...
  Moc'ing vrimageupdater.h...
  Rcc'ing Logos\logosr.qrc...
  Uic'ing calibdialog.ui...
  Uic'ing loadcalibparamsdialog.ui...
  Uic'ing mainwindow.ui...
  Uic'ing selectcameraparamsdialog.ui...
  calibdialog.cpp
  camera.cpp
  loadcalibparamsdialog.cpp
  main.cpp
  mainwindow.cpp
  qgraphicstextitemvr.cpp
  selectcameraparamsdialog.cpp
  vrfullscreenviewer.cpp
qgraphicstextitemvr.cpp(41): warning C4100: 'widget': parámetro formal sin referencia
qgraphicstextitemvr.cpp(40): warning C4100: 'option': parámetro formal sin referencia
  vrimageupdater.cpp
  vrui.cpp
  qrc_logosr.cpp
camera.cpp(578): warning C4267: 'argumento': conversión de 'size_t' a 'int'; posible pérdida de datos
  moc_calibdialog.cpp
  moc_loadcalibparamsdialog.cpp
  moc_mainwindow.cpp
  moc_selectcameraparamsdialog.cpp
  moc_vrfullscreenviewer.cpp
  moc_vrimageupdater.cpp
opencv_core2413.lib(opencv_core2413.dll) : fatal error LNK1112: tipo de equipo del módulo 'X86' en conflicto con tipo de equipo de destino 'x64'
